<?xml version="1.0" encoding="UTF-8"?>
<robot generator="Robot 7.0 (Python 3.11.2 on win32)" generated="2024-06-06T20:55:03.449647" rpa="false" schemaversion="5">
<suite id="s1" name="Test Pet" source="c:\Iterasys\PetStoreRobot140\__tests__\test_pet.robot">
<test id="s1-t1" name="Delete Pet" line="72">
<kw name="DELETE" owner="RequestsLibrary">
<msg time="2024-06-06T20:55:04.229460" level="INFO">DELETE Request : url=https://petstore.swagger.io/v2/pet/194214401 
 path_url=/v2/pet/194214401 
 headers={'User-Agent': 'python-requests/2.32.3', 'Accept-Encoding': 'gzip, deflate', 'Accept': '*/*', 'Connection': 'keep-alive', 'Content-Length': '0'} 
 body=None 
 </msg>
<msg time="2024-06-06T20:55:04.232379" level="INFO">DELETE Response : url=https://petstore.swagger.io/v2/pet/194214401 
 status=200, reason=OK 
 headers={'Date': 'Thu, 06 Jun 2024 23:55:04 GMT', 'Content-Type': 'application/json', 'Transfer-Encoding': 'chunked', 'Connection': 'keep-alive', 'Access-Control-Allow-Origin': '*', 'Access-Control-Allow-Methods': 'GET, POST, DELETE, PUT', 'Access-Control-Allow-Headers': 'Content-Type, api_key, Authorization', 'Server': 'Jetty(9.2.9.v20150224)'} 
 body={"code":200,"type":"unknown","message":"194214401"} 
 </msg>
<msg time="2024-06-06T20:55:04.232948" level="INFO">${response} = &lt;Response [200]&gt;</msg>
<var>${response}</var>
<arg>url=${{$url + '/' + $id}}</arg>
<doc>Sends a DELETE request.</doc>
<status status="PASS" start="2024-06-06T20:55:03.587673" elapsed="0.645275"/>
</kw>
<kw name="Set Variable" owner="BuiltIn">
<msg time="2024-06-06T20:55:04.234983" level="INFO">${response_body} = {'code': 200, 'type': 'unknown', 'message': '194214401'}</msg>
<var>${response_body}</var>
<arg>${response.json()}</arg>
<doc>Returns the given values which can then be assigned to a variables.</doc>
<status status="PASS" start="2024-06-06T20:55:04.233955" elapsed="0.001028"/>
</kw>
<kw name="Log To Console" owner="BuiltIn">
<arg>${response_body}</arg>
<doc>Logs the given message to the console.</doc>
<status status="PASS" start="2024-06-06T20:55:04.235994" elapsed="0.001013"/>
</kw>
<kw name="Status Should Be" owner="RequestsLibrary">
<arg>200</arg>
<doc>Fails if response status code is different than the expected.</doc>
<status status="PASS" start="2024-06-06T20:55:04.237007" elapsed="0.000000"/>
</kw>
<kw name="Should Be Equal" owner="BuiltIn">
<arg>${response_body}[code]</arg>
<arg>${{int(200)}}</arg>
<doc>Fails if the given objects are unequal.</doc>
<status status="PASS" start="2024-06-06T20:55:04.238021" elapsed="0.001011"/>
</kw>
<kw name="Should Be Equal" owner="BuiltIn">
<arg>${response_body}[type]</arg>
<arg>unknown</arg>
<doc>Fails if the given objects are unequal.</doc>
<status status="PASS" start="2024-06-06T20:55:04.240099" elapsed="0.000601"/>
</kw>
<kw name="Should Be Equal" owner="BuiltIn">
<arg>${response_body}[message]</arg>
<arg>${id}</arg>
<doc>Fails if the given objects are unequal.</doc>
<status status="PASS" start="2024-06-06T20:55:04.241205" elapsed="0.001018"/>
</kw>
<status status="PASS" start="2024-06-06T20:55:03.586664" elapsed="0.656799"/>
</test>
<status status="PASS" start="2024-06-06T20:55:03.454462" elapsed="0.790022"/>
</suite>
<statistics>
<total>
<stat pass="1" fail="0" skip="0">All Tests</stat>
</total>
<tag>
</tag>
<suite>
<stat pass="1" fail="0" skip="0" id="s1" name="Test Pet">Test Pet</stat>
</suite>
</statistics>
<errors>
</errors>
</robot>
